# JRE version: OpenJDK Runtime Environment Temurin-21.0.8+9 (21.0.8+9) (build 21.0.8+9-LTS)
# Java VM: OpenJDK 64-Bit Server VM Temurin-21.0.8+9 (21.0.8+9-LTS, mixed mode, sharing, tiered, compressed oops, compressed class ptrs, parallel gc, windows-amd64)
GC Precious Log:
 CardTable entry size: 512
 CPUs: 8 total, 8 available
 Memory: 7885M
 Large Page Support: Disabled
 NUMA Support: Disabled
 Compressed Oops: Enabled (32-bit)
 Alignments: Space 512K, Generation 512K, Heap 2M
 Heap Min Capacity: 100M
 Heap Initial Capacity: 100M
 Heap Max Capacity: 2G
 Pre-touch: Disabled
 Parallel Workers: 8
Heap:
 PSYoungGen      total 2048K, used 1127K [0x00000000d5580000, 0x00000000d5a00000, 0x0000000100000000)
  eden space 1024K, 35% used [0x00000000d5580000,0x00000000d55d9f00,0x00000000d5680000)
  from space 1024K, 75% used [0x00000000d5900000,0x00000000d59c0000,0x00000000d5a00000)
  to   space 1536K, 0% used [0x00000000d5700000,0x00000000d5700000,0x00000000d5880000)
 ParOldGen       total 540160K, used 540017K [0x0000000080000000, 0x00000000a0f80000, 0x00000000d5580000)
  object space 540160K, 99% used [0x0000000080000000,0x00000000a0f5c6a8,0x00000000a0f80000)
 Metaspace       used 68439K, committed 69952K, reserved 1114112K
  class space    used 7335K, committed 8064K, reserved 1048576K
GC Heap History (20 events):
Event: 105.088 GC heap before
{Heap before GC invocations=762 (full 3):
 PSYoungGen      total 1536K, used 1376K [0x00000000d5580000, 0x00000000d5900000, 0x0000000100000000)
  eden space 1024K, 100% used [0x00000000d5580000,0x00000000d5680000,0x00000000d5680000)
  from space 512K, 68% used [0x00000000d5880000,0x00000000d58d8000,0x00000000d5900000)
  to   space 512K, 0% used [0x00000000d5800000,0x00000000d5800000,0x00000000d5880000)
 ParOldGen       total 533504K, used 533334K [0x0000000080000000, 0x00000000a0900000, 0x00000000d5580000)
  object space 533504K, 99% used [0x0000000080000000,0x00000000a08d5978,0x00000000a0900000)
 Metaspace       used 68370K, committed 69888K, reserved 1114112K
  class space    used 7327K, committed 8064K, reserved 1048576K
}
Event: 105.091 GC heap after
{Heap after GC invocations=762 (full 3):
 PSYoungGen      total 1536K, used 512K [0x00000000d5580000, 0x00000000d5900000, 0x0000000100000000)
  eden space 1024K, 0% used [0x00000000d5580000,0x00000000d5580000,0x00000000d5680000)
  from space 512K, 100% used [0x00000000d5800000,0x00000000d5880000,0x00000000d5880000)
  to   space 512K, 0% used [0x00000000d5880000,0x00000000d5880000,0x00000000d5900000)
 ParOldGen       total 534016K, used 533614K [0x0000000080000000, 0x00000000a0980000, 0x00000000d5580000)
  object space 534016K, 99% used [0x0000000080000000,0x00000000a091b978,0x00000000a0980000)
 Metaspace       used 68370K, committed 69888K, reserved 1114112K
  class space    used 7327K, committed 8064K, reserved 1048576K
}
Event: 105.480 GC heap before
{Heap before GC invocations=763 (full 3):
 PSYoungGen      total 1536K, used 1536K [0x00000000d5580000, 0x00000000d5900000, 0x0000000100000000)
  eden space 1024K, 100% used [0x00000000d5580000,0x00000000d5680000,0x00000000d5680000)
  from space 512K, 100% used [0x00000000d5800000,0x00000000d5880000,0x00000000d5880000)
  to   space 512K, 0% used [0x00000000d5880000,0x00000000d5880000,0x00000000d5900000)
 ParOldGen       total 534016K, used 533614K [0x0000000080000000, 0x00000000a0980000, 0x00000000d5580000)
  object space 534016K, 99% used [0x0000000080000000,0x00000000a091b978,0x00000000a0980000)
 Metaspace       used 68370K, committed 69888K, reserved 1114112K
  class space    used 7327K, committed 8064K, reserved 1048576K
}
Event: 105.484 GC heap after
{Heap after GC invocations=763 (full 3):
 PSYoungGen      total 1536K, used 512K [0x00000000d5580000, 0x00000000d5900000, 0x0000000100000000)
  eden space 1024K, 0% used [0x00000000d5580000,0x00000000d5580000,0x00000000d5680000)
  from space 512K, 100% used [0x00000000d5880000,0x00000000d5900000,0x00000000d5900000)
  to   space 1024K, 0% used [0x00000000d5700000,0x00000000d5700000,0x00000000d5800000)
 ParOldGen       total 534016K, used 533990K [0x0000000080000000, 0x00000000a0980000, 0x00000000d5580000)
  object space 534016K, 99% used [0x0000000080000000,0x00000000a0979978,0x00000000a0980000)
 Metaspace       used 68370K, committed 69888K, reserved 1114112K
  class space    used 7327K, committed 8064K, reserved 1048576K
}
Event: 105.832 GC heap before
{Heap before GC invocations=764 (full 3):
 PSYoungGen      total 1536K, used 1395K [0x00000000d5580000, 0x00000000d5900000, 0x0000000100000000)
  eden space 1024K, 86% used [0x00000000d5580000,0x00000000d565cf80,0x00000000d5680000)
  from space 512K, 100% used [0x00000000d5880000,0x00000000d5900000,0x00000000d5900000)
  to   space 1024K, 0% used [0x00000000d5700000,0x00000000d5700000,0x00000000d5800000)
 ParOldGen       total 534016K, used 533990K [0x0000000080000000, 0x00000000a0980000, 0x00000000d5580000)
  object space 534016K, 99% used [0x0000000080000000,0x00000000a0979978,0x00000000a0980000)
 Metaspace       used 68373K, committed 69888K, reserved 1114112K
  class space    used 7328K, committed 8064K, reserved 1048576K
}
Event: 105.836 GC heap after
{Heap after GC invocations=764 (full 3):
 PSYoungGen      total 2048K, used 608K [0x00000000d5580000, 0x00000000d5900000, 0x0000000100000000)
  eden space 1024K, 0% used [0x00000000d5580000,0x00000000d5580000,0x00000000d5680000)
  from space 1024K, 59% used [0x00000000d5700000,0x00000000d5798000,0x00000000d5800000)
  to   space 1024K, 0% used [0x00000000d5800000,0x00000000d5800000,0x00000000d5900000)
 ParOldGen       total 534528K, used 534219K [0x0000000080000000, 0x00000000a0a00000, 0x00000000d5580000)
  object space 534528K, 99% used [0x0000000080000000,0x00000000a09b2f88,0x00000000a0a00000)
 Metaspace       used 68373K, committed 69888K, reserved 1114112K
  class space    used 7328K, committed 8064K, reserved 1048576K
}
Event: 105.886 GC heap before
{Heap before GC invocations=765 (full 3):
 PSYoungGen      total 2048K, used 1631K [0x00000000d5580000, 0x00000000d5900000, 0x0000000100000000)
  eden space 1024K, 99% used [0x00000000d5580000,0x00000000d567ff98,0x00000000d5680000)
  from space 1024K, 59% used [0x00000000d5700000,0x00000000d5798000,0x00000000d5800000)
  to   space 1024K, 0% used [0x00000000d5800000,0x00000000d5800000,0x00000000d5900000)
 ParOldGen       total 534528K, used 534219K [0x0000000080000000, 0x00000000a0a00000, 0x00000000d5580000)
  object space 534528K, 99% used [0x0000000080000000,0x00000000a09b2f88,0x00000000a0a00000)
 Metaspace       used 68373K, committed 69888K, reserved 1114112K
  class space    used 7328K, committed 8064K, reserved 1048576K
}
Event: 105.890 GC heap after
{Heap after GC invocations=765 (full 3):
 PSYoungGen      total 2048K, used 1021K [0x00000000d5580000, 0x00000000d5980000, 0x0000000100000000)
  eden space 1024K, 0% used [0x00000000d5580000,0x00000000d5580000,0x00000000d5680000)
  from space 1024K, 99% used [0x00000000d5800000,0x00000000d58ff7c0,0x00000000d5900000)
  to   space 1536K, 0% used [0x00000000d5680000,0x00000000d5680000,0x00000000d5800000)
 ParOldGen       total 535040K, used 534681K [0x0000000080000000, 0x00000000a0a80000, 0x00000000d5580000)
  object space 535040K, 99% used [0x0000000080000000,0x00000000a0a26698,0x00000000a0a80000)
 Metaspace       used 68373K, committed 69888K, reserved 1114112K
  class space    used 7328K, committed 8064K, reserved 1048576K
}
Event: 105.915 GC heap before
{Heap before GC invocations=766 (full 3):
 PSYoungGen      total 2048K, used 2045K [0x00000000d5580000, 0x00000000d5980000, 0x0000000100000000)
  eden space 1024K, 99% used [0x00000000d5580000,0x00000000d567ffd8,0x00000000d5680000)
  from space 1024K, 99% used [0x00000000d5800000,0x00000000d58ff7c0,0x00000000d5900000)
  to   space 1536K, 0% used [0x00000000d5680000,0x00000000d5680000,0x00000000d5800000)
 ParOldGen       total 535040K, used 534681K [0x0000000080000000, 0x00000000a0a80000, 0x00000000d5580000)
  object space 535040K, 99% used [0x0000000080000000,0x00000000a0a26698,0x00000000a0a80000)
 Metaspace       used 68375K, committed 69888K, reserved 1114112K
  class space    used 7329K, committed 8064K, reserved 1048576K
}
Event: 105.919 GC heap after
{Heap after GC invocations=766 (full 3):
 PSYoungGen      total 2048K, used 928K [0x00000000d5580000, 0x00000000d5880000, 0x0000000100000000)
  eden space 1024K, 0% used [0x00000000d5580000,0x00000000d5580000,0x00000000d5680000)
  from space 1024K, 90% used [0x00000000d5680000,0x00000000d5768000,0x00000000d5780000)
  to   space 1024K, 0% used [0x00000000d5780000,0x00000000d5780000,0x00000000d5880000)
 ParOldGen       total 536064K, used 535580K [0x0000000080000000, 0x00000000a0b80000, 0x00000000d5580000)
  object space 536064K, 99% used [0x0000000080000000,0x00000000a0b07318,0x00000000a0b80000)
 Metaspace       used 68375K, committed 69888K, reserved 1114112K
  class space    used 7329K, committed 8064K, reserved 1048576K
}
Event: 105.959 GC heap before
{Heap before GC invocations=767 (full 3):
 PSYoungGen      total 2048K, used 1952K [0x00000000d5580000, 0x00000000d5880000, 0x0000000100000000)
  eden space 1024K, 100% used [0x00000000d5580000,0x00000000d5680000,0x00000000d5680000)
  from space 1024K, 90% used [0x00000000d5680000,0x00000000d5768000,0x00000000d5780000)
  to   space 1024K, 0% used [0x00000000d5780000,0x00000000d5780000,0x00000000d5880000)
 ParOldGen       total 536064K, used 535580K [0x0000000080000000, 0x00000000a0b80000, 0x00000000d5580000)
  object space 536064K, 99% used [0x0000000080000000,0x00000000a0b07318,0x00000000a0b80000)
 Metaspace       used 68377K, committed 69888K, reserved 1114112K
  class space    used 7329K, committed 8064K, reserved 1048576K
}
Event: 105.962 GC heap after
{Heap after GC invocations=767 (full 3):
 PSYoungGen      total 2048K, used 946K [0x00000000d5580000, 0x00000000d5880000, 0x0000000100000000)
  eden space 1024K, 0% used [0x00000000d5580000,0x00000000d5580000,0x00000000d5680000)
  from space 1024K, 92% used [0x00000000d5780000,0x00000000d586c8b8,0x00000000d5880000)
  to   space 1024K, 0% used [0x00000000d5680000,0x00000000d5680000,0x00000000d5780000)
 ParOldGen       total 536576K, used 536431K [0x0000000080000000, 0x00000000a0c00000, 0x00000000d5580000)
  object space 536576K, 99% used [0x0000000080000000,0x00000000a0bdbe58,0x00000000a0c00000)
 Metaspace       used 68377K, committed 69888K, reserved 1114112K
  class space    used 7329K, committed 8064K, reserved 1048576K
}
Event: 106.007 GC heap before
{Heap before GC invocations=768 (full 3):
 PSYoungGen      total 2048K, used 1970K [0x00000000d5580000, 0x00000000d5880000, 0x0000000100000000)
  eden space 1024K, 99% used [0x00000000d5580000,0x00000000d567ffd8,0x00000000d5680000)
  from space 1024K, 92% used [0x00000000d5780000,0x00000000d586c8b8,0x00000000d5880000)
  to   space 1024K, 0% used [0x00000000d5680000,0x00000000d5680000,0x00000000d5780000)
 ParOldGen       total 536576K, used 536431K [0x0000000080000000, 0x00000000a0c00000, 0x00000000d5580000)
  object space 536576K, 99% used [0x0000000080000000,0x00000000a0bdbe58,0x00000000a0c00000)
 Metaspace       used 68377K, committed 69888K, reserved 1114112K
  class space    used 7329K, committed 8064K, reserved 1048576K
}
Event: 106.011 GC heap after
{Heap after GC invocations=768 (full 3):
 PSYoungGen      total 2048K, used 960K [0x00000000d5580000, 0x00000000d5880000, 0x0000000100000000)
  eden space 1024K, 0% used [0x00000000d5580000,0x00000000d5580000,0x00000000d5680000)
  from space 1024K, 93% used [0x00000000d5680000,0x00000000d5770000,0x00000000d5780000)
  to   space 1024K, 0% used [0x00000000d5780000,0x00000000d5780000,0x00000000d5880000)
 ParOldGen       total 537600K, used 537281K [0x0000000080000000, 0x00000000a0d00000, 0x00000000d5580000)
  object space 537600K, 99% used [0x0000000080000000,0x00000000a0cb06a8,0x00000000a0d00000)
 Metaspace       used 68377K, committed 69888K, reserved 1114112K
  class space    used 7329K, committed 8064K, reserved 1048576K
}
Event: 106.086 GC heap before
{Heap before GC invocations=769 (full 3):
 PSYoungGen      total 2048K, used 1984K [0x00000000d5580000, 0x00000000d5880000, 0x0000000100000000)
  eden space 1024K, 100% used [0x00000000d5580000,0x00000000d5680000,0x00000000d5680000)
  from space 1024K, 93% used [0x00000000d5680000,0x00000000d5770000,0x00000000d5780000)
  to   space 1024K, 0% used [0x00000000d5780000,0x00000000d5780000,0x00000000d5880000)
 ParOldGen       total 537600K, used 537281K [0x0000000080000000, 0x00000000a0d00000, 0x00000000d5580000)
  object space 537600K, 99% used [0x0000000080000000,0x00000000a0cb06a8,0x00000000a0d00000)
 Metaspace       used 68377K, committed 69888K, reserved 1114112K
  class space    used 7329K, committed 8064K, reserved 1048576K
}
Event: 106.090 GC heap after
{Heap after GC invocations=769 (full 3):
 PSYoungGen      total 2048K, used 992K [0x00000000d5580000, 0x00000000d5880000, 0x0000000100000000)
  eden space 1024K, 0% used [0x00000000d5580000,0x00000000d5580000,0x00000000d5680000)
  from space 1024K, 96% used [0x00000000d5780000,0x00000000d5878000,0x00000000d5880000)
  to   space 1024K, 0% used [0x00000000d5680000,0x00000000d5680000,0x00000000d5780000)
 ParOldGen       total 538624K, used 538137K [0x0000000080000000, 0x00000000a0e00000, 0x00000000d5580000)
  object space 538624K, 99% used [0x0000000080000000,0x00000000a0d866a8,0x00000000a0e00000)
 Metaspace       used 68377K, committed 69888K, reserved 1114112K
  class space    used 7329K, committed 8064K, reserved 1048576K
}
Event: 106.208 GC heap before
{Heap before GC invocations=770 (full 3):
 PSYoungGen      total 2048K, used 2015K [0x00000000d5580000, 0x00000000d5880000, 0x0000000100000000)
  eden space 1024K, 99% used [0x00000000d5580000,0x00000000d567ffa0,0x00000000d5680000)
  from space 1024K, 96% used [0x00000000d5780000,0x00000000d5878000,0x00000000d5880000)
  to   space 1024K, 0% used [0x00000000d5680000,0x00000000d5680000,0x00000000d5780000)
 ParOldGen       total 538624K, used 538137K [0x0000000080000000, 0x00000000a0e00000, 0x00000000d5580000)
  object space 538624K, 99% used [0x0000000080000000,0x00000000a0d866a8,0x00000000a0e00000)
 Metaspace       used 68377K, committed 69888K, reserved 1114112K
  class space    used 7329K, committed 8064K, reserved 1048576K
}
Event: 106.212 GC heap after
{Heap after GC invocations=770 (full 3):
 PSYoungGen      total 2048K, used 1024K [0x00000000d5580000, 0x00000000d5b80000, 0x0000000100000000)
  eden space 1024K, 0% used [0x00000000d5580000,0x00000000d5580000,0x00000000d5680000)
  from space 1024K, 100% used [0x00000000d5680000,0x00000000d5780000,0x00000000d5780000)
  to   space 2560K, 0% used [0x00000000d5900000,0x00000000d5900000,0x00000000d5b80000)
 ParOldGen       total 539136K, used 539057K [0x0000000080000000, 0x00000000a0e80000, 0x00000000d5580000)
  object space 539136K, 99% used [0x0000000080000000,0x00000000a0e6c6a8,0x00000000a0e80000)
 Metaspace       used 68377K, committed 69888K, reserved 1114112K
  class space    used 7329K, committed 8064K, reserved 1048576K
}
Event: 367.983 GC heap before
{Heap before GC invocations=771 (full 3):
 PSYoungGen      total 2048K, used 2039K [0x00000000d5580000, 0x00000000d5b80000, 0x0000000100000000)
  eden space 1024K, 99% used [0x00000000d5580000,0x00000000d567dd88,0x00000000d5680000)
  from space 1024K, 100% used [0x00000000d5680000,0x00000000d5780000,0x00000000d5780000)
  to   space 2560K, 0% used [0x00000000d5900000,0x00000000d5900000,0x00000000d5b80000)
 ParOldGen       total 539136K, used 539057K [0x0000000080000000, 0x00000000a0e80000, 0x00000000d5580000)
  object space 539136K, 99% used [0x0000000080000000,0x00000000a0e6c6a8,0x00000000a0e80000)
 Metaspace       used 68424K, committed 69952K, reserved 1114112K
  class space    used 7332K, committed 8064K, reserved 1048576K
}
Event: 368.254 GC heap after
{Heap after GC invocations=771 (full 3):
 PSYoungGen      total 2048K, used 768K [0x00000000d5580000, 0x00000000d5a00000, 0x0000000100000000)
  eden space 1024K, 0% used [0x00000000d5580000,0x00000000d5580000,0x00000000d5680000)
  from space 1024K, 75% used [0x00000000d5900000,0x00000000d59c0000,0x00000000d5a00000)
  to   space 1536K, 0% used [0x00000000d5700000,0x00000000d5700000,0x00000000d5880000)
 ParOldGen       total 540160K, used 540017K [0x0000000080000000, 0x00000000a0f80000, 0x00000000d5580000)
  object space 540160K, 99% used [0x0000000080000000,0x00000000a0f5c6a8,0x00000000a0f80000)
 Metaspace       used 68424K, committed 69952K, reserved 1114112K
  class space    used 7332K, committed 8064K, reserved 1048576K
}

